{"E:\\__TEST\\xeni\\src\\app.ts": {"path":"E:\\__TEST\\xeni\\src\\app.ts","statementMap":{"0":{"start":{"line":2,"column":0},"end":{"line":2,"column":30}},"1":{"start":{"line":3,"column":0},"end":{"line":3,"column":45}},"2":{"start":{"line":5,"column":12},"end":{"line":5,"column":21}},"3":{"start":{"line":7,"column":0},"end":{"line":7,"column":28}},"4":{"start":{"line":9,"column":0},"end":{"line":9,"column":19}}},"fnMap":{},"branchMap":{},"s":{"0":1,"1":1,"2":1,"3":1,"4":1},"f":{},"b":{}}
,"E:\\__TEST\\xeni\\src\\controllers\\ohlc.controller.ts": {"path":"E:\\__TEST\\xeni\\src\\controllers\\ohlc.controller.ts","statementMap":{"0":{"start":{"line":2,"column":0},"end":{"line":2,"column":46}},"1":{"start":{"line":3,"column":0},"end":{"line":3,"column":50}},"2":{"start":{"line":5,"column":23},"end":{"line":62,"column":2}},"3":{"start":{"line":6,"column":48},"end":{"line":27,"column":null}},"4":{"start":{"line":7,"column":4},"end":{"line":26,"column":null}},"5":{"start":{"line":9,"column":52},"end":{"line":9,"column":60}},"6":{"start":{"line":12,"column":21},"end":{"line":18,"column":8}},"7":{"start":{"line":21,"column":6},"end":{"line":21,"column":26}},"8":{"start":{"line":23,"column":6},"end":{"line":23,"column":70}},"9":{"start":{"line":25,"column":6},"end":{"line":25,"column":63}},"10":{"start":{"line":28,"column":52},"end":{"line":61,"column":null}},"11":{"start":{"line":29,"column":4},"end":{"line":60,"column":null}},"12":{"start":{"line":30,"column":21},"end":{"line":30,"column":37}},"13":{"start":{"line":31,"column":6},"end":{"line":31,"column":39}},"14":{"start":{"line":32,"column":6},"end":{"line":57,"column":null}},"15":{"start":{"line":34,"column":24},"end":{"line":36,"column":19}},"16":{"start":{"line":39,"column":24},"end":{"line":39,"column":55}},"17":{"start":{"line":40,"column":8},"end":{"line":40,"column":44}},"18":{"start":{"line":41,"column":8},"end":{"line":41,"column":30}},"19":{"start":{"line":42,"column":13},"end":{"line":57,"column":null}},"20":{"start":{"line":44,"column":26},"end":{"line":44,"column":68}},"21":{"start":{"line":47,"column":24},"end":{"line":49,"column":10}},"22":{"start":{"line":52,"column":24},"end":{"line":52,"column":55}},"23":{"start":{"line":53,"column":8},"end":{"line":53,"column":44}},"24":{"start":{"line":54,"column":8},"end":{"line":54,"column":30}},"25":{"start":{"line":56,"column":8},"end":{"line":56,"column":68}},"26":{"start":{"line":59,"column":6},"end":{"line":59,"column":63}},"27":{"start":{"line":64,"column":0},"end":{"line":64,"column":30}}},"fnMap":{"0":{"name":"(anonymous_8)","decl":{"start":{"line":6,"column":10},"end":{"line":6,"column":17}},"loc":{"start":{"line":6,"column":48},"end":{"line":27,"column":null}}},"1":{"name":"(anonymous_9)","decl":{"start":{"line":6,"column":48},"end":{"line":6,"column":null}},"loc":{"start":{"line":6,"column":48},"end":{"line":27,"column":3}}},"2":{"name":"(anonymous_10)","decl":{"start":{"line":28,"column":14},"end":{"line":28,"column":21}},"loc":{"start":{"line":28,"column":52},"end":{"line":61,"column":null}}},"3":{"name":"(anonymous_11)","decl":{"start":{"line":28,"column":52},"end":{"line":28,"column":null}},"loc":{"start":{"line":28,"column":52},"end":{"line":61,"column":3}}}},"branchMap":{"0":{"loc":{"start":{"line":32,"column":6},"end":{"line":57,"column":null}},"type":"if","locations":[{"start":{"line":32,"column":6},"end":{"line":57,"column":null}},{"start":{"line":42,"column":13},"end":{"line":57,"column":null}}]},"1":{"loc":{"start":{"line":42,"column":13},"end":{"line":57,"column":null}},"type":"if","locations":[{"start":{"line":42,"column":13},"end":{"line":57,"column":null}},{"start":{"line":55,"column":13},"end":{"line":57,"column":null}}]}},"s":{"0":1,"1":1,"2":1,"3":0,"4":0,"5":0,"6":0,"7":0,"8":0,"9":0,"10":1,"11":1,"12":1,"13":1,"14":1,"15":0,"16":0,"17":0,"18":0,"19":1,"20":1,"21":1,"22":0,"23":0,"24":0,"25":0,"26":0,"27":1},"f":{"0":0,"1":0,"2":1,"3":1},"b":{"0":[0,1],"1":[1,0]}}
,"E:\\__TEST\\xeni\\src\\models\\ohlc.model.ts": {"path":"E:\\__TEST\\xeni\\src\\models\\ohlc.model.ts","statementMap":{"0":{"start":{"line":1,"column":0},"end":{"line":1,"column":32}},"1":{"start":{"line":4,"column":25},"end":{"line":10,"column":2}},"2":{"start":{"line":12,"column":19},"end":{"line":12,"column":65}},"3":{"start":{"line":14,"column":0},"end":{"line":14,"column":26}}},"fnMap":{},"branchMap":{},"s":{"0":1,"1":1,"2":1,"3":1},"f":{},"b":{}}
,"E:\\__TEST\\xeni\\src\\routes\\ohlc.route.ts": {"path":"E:\\__TEST\\xeni\\src\\routes\\ohlc.route.ts","statementMap":{"0":{"start":{"line":1,"column":0},"end":{"line":1,"column":30}},"1":{"start":{"line":2,"column":0},"end":{"line":2,"column":60}},"2":{"start":{"line":4,"column":15},"end":{"line":4,"column":31}},"3":{"start":{"line":6,"column":0},"end":{"line":6,"column":50}},"4":{"start":{"line":7,"column":0},"end":{"line":7,"column":54}},"5":{"start":{"line":9,"column":0},"end":{"line":9,"column":22}}},"fnMap":{},"branchMap":{},"s":{"0":1,"1":1,"2":1,"3":1,"4":1,"5":1},"f":{},"b":{}}
,"E:\\__TEST\\xeni\\src\\utils\\index.ts": {"path":"E:\\__TEST\\xeni\\src\\utils\\index.ts","statementMap":{"0":{"start":{"line":5,"column":14},"end":{"line":8,"column":null}},"1":{"start":{"line":7,"column":6},"end":{"line":7,"column":71}},"2":{"start":{"line":10,"column":18},"end":{"line":10,"column":38}},"3":{"start":{"line":12,"column":2},"end":{"line":12,"column":17}},"4":{"start":{"line":3,"column":0},"end":{"line":3,"column":16}}},"fnMap":{"0":{"name":"calculateMovingAverage","decl":{"start":{"line":3,"column":16},"end":{"line":3,"column":38}},"loc":{"start":{"line":3,"column":61},"end":{"line":13,"column":1}}},"1":{"name":"(anonymous_1)","decl":{"start":{"line":6,"column":4},"end":{"line":6,"column":5}},"loc":{"start":{"line":7,"column":6},"end":{"line":7,"column":71}}}},"branchMap":{},"s":{"0":0,"1":0,"2":0,"3":0,"4":1},"f":{"0":0,"1":0},"b":{}}
}
