TN:
SF:src\app.ts
FNF:0
FNH:0
DA:2,1
DA:3,1
DA:5,1
DA:7,1
DA:9,1
LF:5
LH:5
BRF:0
BRH:0
end_of_record
TN:
SF:src\controllers\ohlc.controller.ts
FN:6,(anonymous_8)
FN:6,(anonymous_9)
FN:28,(anonymous_10)
FN:28,(anonymous_11)
FNF:4
FNH:2
FNDA:0,(anonymous_8)
FNDA:0,(anonymous_9)
FNDA:1,(anonymous_10)
FNDA:1,(anonymous_11)
DA:2,1
DA:3,1
DA:5,1
DA:6,0
DA:7,0
DA:9,0
DA:12,0
DA:21,0
DA:23,0
DA:25,0
DA:28,1
DA:29,1
DA:30,1
DA:31,1
DA:32,1
DA:34,0
DA:39,0
DA:40,0
DA:41,0
DA:42,1
DA:44,1
DA:47,1
DA:52,0
DA:53,0
DA:54,0
DA:56,0
DA:59,0
DA:64,1
LF:28
LH:12
BRDA:32,0,0,0
BRDA:32,0,1,1
BRDA:42,1,0,1
BRDA:42,1,1,0
BRF:4
BRH:2
end_of_record
TN:
SF:src\models\ohlc.model.ts
FNF:0
FNH:0
DA:1,1
DA:4,1
DA:12,1
DA:14,1
LF:4
LH:4
BRF:0
BRH:0
end_of_record
TN:
SF:src\routes\ohlc.route.ts
FNF:0
FNH:0
DA:1,1
DA:2,1
DA:4,1
DA:6,1
DA:7,1
DA:9,1
LF:6
LH:6
BRF:0
BRH:0
end_of_record
TN:
SF:src\utils\index.ts
FN:3,calculateMovingAverage
FN:6,(anonymous_1)
FNF:2
FNH:0
FNDA:0,calculateMovingAverage
FNDA:0,(anonymous_1)
DA:3,1
DA:5,0
DA:7,0
DA:10,0
DA:12,0
LF:5
LH:1
BRF:0
BRH:0
end_of_record
